# JRE version: OpenJDK Runtime Environment Temurin-17.0.16+8 (17.0.16+8) (build 17.0.16+8)
# Java VM: OpenJDK 64-Bit Server VM Temurin-17.0.16+8 (17.0.16+8, mixed mode, sharing, tiered, compressed oops, compressed class ptrs, g1 gc, windows-amd64)
GC Precious Log:
 CPUs: 8 total, 8 available
 Memory: 16106M
 Large Page Support: Disabled
 NUMA Support: Disabled
 Compressed Oops: Enabled (Zero based)
 Heap Region Size: 4M
 Heap Min Capacity: 8M
 Heap Initial Capacity: 252M
 Heap Max Capacity: 8G
 Pre-touch: Disabled
 Parallel Workers: 8
 Concurrent Workers: 2
 Concurrent Refinement Workers: 8
 Periodic GC: Disabled
Heap:
 garbage-first heap   total 143360K, used 107576K [0x0000000600000000, 0x0000000800000000)
  region size 4096K, 2 young (8192K), 1 survivors (4096K)
 Metaspace       used 77576K, committed 78464K, reserved 1179648K
  class space    used 10917K, committed 11392K, reserved 1048576K
GC Heap History (20 events):
Event: 94.489 GC heap before
{Heap before GC invocations=37 (full 0):
 garbage-first heap   total 143360K, used 111428K [0x0000000600000000, 0x0000000800000000)
  region size 4096K, 6 young (24576K), 1 survivors (4096K)
 Metaspace       used 77195K, committed 78080K, reserved 1179648K
  class space    used 10881K, committed 11328K, reserved 1048576K
}
Event: 94.495 GC heap after
{Heap after GC invocations=38 (full 0):
 garbage-first heap   total 143360K, used 91662K [0x0000000600000000, 0x0000000800000000)
  region size 4096K, 1 young (4096K), 1 survivors (4096K)
 Metaspace       used 77195K, committed 78080K, reserved 1179648K
  class space    used 10881K, committed 11328K, reserved 1048576K
}
Event: 94.991 GC heap before
{Heap before GC invocations=38 (full 0):
 garbage-first heap   total 143360K, used 112142K [0x0000000600000000, 0x0000000800000000)
  region size 4096K, 6 young (24576K), 1 survivors (4096K)
 Metaspace       used 77216K, committed 78080K, reserved 1179648K
  class space    used 10881K, committed 11328K, reserved 1048576K
}
Event: 94.996 GC heap after
{Heap after GC invocations=39 (full 0):
 garbage-first heap   total 143360K, used 92322K [0x0000000600000000, 0x0000000800000000)
  region size 4096K, 1 young (4096K), 1 survivors (4096K)
 Metaspace       used 77216K, committed 78080K, reserved 1179648K
  class space    used 10881K, committed 11328K, reserved 1048576K
}
Event: 95.651 GC heap before
{Heap before GC invocations=39 (full 0):
 garbage-first heap   total 143360K, used 112802K [0x0000000600000000, 0x0000000800000000)
  region size 4096K, 6 young (24576K), 1 survivors (4096K)
 Metaspace       used 77220K, committed 78080K, reserved 1179648K
  class space    used 10882K, committed 11328K, reserved 1048576K
}
Event: 95.655 GC heap after
{Heap after GC invocations=40 (full 0):
 garbage-first heap   total 143360K, used 92801K [0x0000000600000000, 0x0000000800000000)
  region size 4096K, 1 young (4096K), 1 survivors (4096K)
 Metaspace       used 77220K, committed 78080K, reserved 1179648K
  class space    used 10882K, committed 11328K, reserved 1048576K
}
Event: 96.436 GC heap before
{Heap before GC invocations=40 (full 0):
 garbage-first heap   total 143360K, used 113281K [0x0000000600000000, 0x0000000800000000)
  region size 4096K, 6 young (24576K), 1 survivors (4096K)
 Metaspace       used 77224K, committed 78144K, reserved 1179648K
  class space    used 10882K, committed 11328K, reserved 1048576K
}
Event: 96.440 GC heap after
{Heap after GC invocations=41 (full 0):
 garbage-first heap   total 143360K, used 93331K [0x0000000600000000, 0x0000000800000000)
  region size 4096K, 1 young (4096K), 1 survivors (4096K)
 Metaspace       used 77224K, committed 78144K, reserved 1179648K
  class space    used 10882K, committed 11328K, reserved 1048576K
}
Event: 96.967 GC heap before
{Heap before GC invocations=41 (full 0):
 garbage-first heap   total 143360K, used 109715K [0x0000000600000000, 0x0000000800000000)
  region size 4096K, 6 young (24576K), 1 survivors (4096K)
 Metaspace       used 77225K, committed 78144K, reserved 1179648K
  class space    used 10882K, committed 11328K, reserved 1048576K
}
Event: 96.972 GC heap after
{Heap after GC invocations=42 (full 0):
 garbage-first heap   total 143360K, used 93807K [0x0000000600000000, 0x0000000800000000)
  region size 4096K, 1 young (4096K), 1 survivors (4096K)
 Metaspace       used 77225K, committed 78144K, reserved 1179648K
  class space    used 10882K, committed 11328K, reserved 1048576K
}
Event: 97.690 GC heap before
{Heap before GC invocations=42 (full 0):
 garbage-first heap   total 143360K, used 110191K [0x0000000600000000, 0x0000000800000000)
  region size 4096K, 6 young (24576K), 1 survivors (4096K)
 Metaspace       used 77227K, committed 78144K, reserved 1179648K
  class space    used 10882K, committed 11328K, reserved 1048576K
}
Event: 97.695 GC heap after
{Heap after GC invocations=43 (full 0):
 garbage-first heap   total 143360K, used 94295K [0x0000000600000000, 0x0000000800000000)
  region size 4096K, 1 young (4096K), 1 survivors (4096K)
 Metaspace       used 77227K, committed 78144K, reserved 1179648K
  class space    used 10882K, committed 11328K, reserved 1048576K
}
Event: 98.384 GC heap before
{Heap before GC invocations=43 (full 0):
 garbage-first heap   total 143360K, used 110679K [0x0000000600000000, 0x0000000800000000)
  region size 4096K, 6 young (24576K), 1 survivors (4096K)
 Metaspace       used 77228K, committed 78144K, reserved 1179648K
  class space    used 10882K, committed 11328K, reserved 1048576K
}
Event: 98.390 GC heap after
{Heap after GC invocations=44 (full 0):
 garbage-first heap   total 143360K, used 95102K [0x0000000600000000, 0x0000000800000000)
  region size 4096K, 1 young (4096K), 1 survivors (4096K)
 Metaspace       used 77228K, committed 78144K, reserved 1179648K
  class space    used 10882K, committed 11328K, reserved 1048576K
}
Event: 99.189 GC heap before
{Heap before GC invocations=44 (full 0):
 garbage-first heap   total 143360K, used 115582K [0x0000000600000000, 0x0000000800000000)
  region size 4096K, 6 young (24576K), 1 survivors (4096K)
 Metaspace       used 77437K, committed 78336K, reserved 1179648K
  class space    used 10901K, committed 11328K, reserved 1048576K
}
Event: 99.193 GC heap after
{Heap after GC invocations=45 (full 0):
 garbage-first heap   total 143360K, used 96407K [0x0000000600000000, 0x0000000800000000)
  region size 4096K, 1 young (4096K), 1 survivors (4096K)
 Metaspace       used 77437K, committed 78336K, reserved 1179648K
  class space    used 10901K, committed 11328K, reserved 1048576K
}
Event: 100.961 GC heap before
{Heap before GC invocations=45 (full 0):
 garbage-first heap   total 143360K, used 108695K [0x0000000600000000, 0x0000000800000000)
  region size 4096K, 5 young (20480K), 1 survivors (4096K)
 Metaspace       used 77489K, committed 78336K, reserved 1179648K
  class space    used 10908K, committed 11328K, reserved 1048576K
}
Event: 100.967 GC heap after
{Heap after GC invocations=46 (full 0):
 garbage-first heap   total 143360K, used 106626K [0x0000000600000000, 0x0000000800000000)
  region size 4096K, 1 young (4096K), 1 survivors (4096K)
 Metaspace       used 77489K, committed 78336K, reserved 1179648K
  class space    used 10908K, committed 11328K, reserved 1048576K
}
Event: 101.162 GC heap before
{Heap before GC invocations=46 (full 0):
 garbage-first heap   total 143360K, used 110722K [0x0000000600000000, 0x0000000800000000)
  region size 4096K, 2 young (8192K), 1 survivors (4096K)
 Metaspace       used 77571K, committed 78464K, reserved 1179648K
  class space    used 10917K, committed 11392K, reserved 1048576K
}
Event: 101.165 GC heap after
{Heap after GC invocations=47 (full 0):
 garbage-first heap   total 143360K, used 107576K [0x0000000600000000, 0x0000000800000000)
  region size 4096K, 1 young (4096K), 1 survivors (4096K)
 Metaspace       used 77571K, committed 78464K, reserved 1179648K
  class space    used 10917K, committed 11392K, reserved 1048576K
}

